<?xml version="1.0" encoding="UTF-8"?>
<testsuite xmlns:xsi="http://www.w3.org/2001/XMLSchema-instance" xsi:noNamespaceSchemaLocation="https://maven.apache.org/surefire/maven-surefire-plugin/xsd/surefire-test-report-3.0.xsd" version="3.0" name="com.example.chessserver.gameplay.move.MoveFactoryTest" time="0.086" tests="5" errors="0" skipped="0" failures="0">
  <properties>
[...]
</properties>
  <testcase name="get promotion move" classname="com.example.chessserver.gameplay.move.MoveFactoryTest" time="0.065"/>
  <testcase name="get basic move" classname="com.example.chessserver.gameplay.move.MoveFactoryTest" time="0.003"/>
  <testcase name="get castle move" classname="com.example.chessserver.gameplay.move.MoveFactoryTest" time="0.004"/>
  <testcase name="get attack move" classname="com.example.chessserver.gameplay.move.MoveFactoryTest" time="0.004"/>
  <testcase name="get attack with promotion" classname="com.example.chessserver.gameplay.move.MoveFactoryTest" time="0.007"/>
</testsuite>